   12   12   13   20   23   28   30   32   35   43   44   59
   60   61   68   70   83   85   88   92   95   98   98  118
  122  124  125  125  129  136  140  144  150  168  171  173
  179  184  194  198  199  212  220  227  228  229  229  230
  236  238  246  271  276  277  281  282  287  300  302  306
  307  312  314  316  318  325  325  328  336  337  341  341
  344  349  351  354  356  363  365  366  368  369  369  369
  370  371  374  379  380  384  387  394  396  400  404  405
  408  414  422  422  423  427  429  430  433  435  435  438
  441  442  444  445  452  457  465  468  471  475  482  489
  491  492  493  493  498  500  501  504  506  506  508  527
  529  530  531  538  539  540  541  543  546  552  556  568
  568  569  571  583  585  587  587  591  602  607  612  614
  619  620  623  625  645  650  652  653  670  676  677  684
  689  690  691  709  710  716  724  726  730  730  733  737
  740  744  744  747  751  755  757  764  764  765  765  772
  773  777  778  783  785  787  789  794  794  796  797  803
  805  809  811  815  819  819  829  830  841  842  847  847
  857  857  858  859  860  863  863  866  872  874  887  896
  903  905  915  916  918  918  920  922  926  927  928  929
  930  933  937  955  957  966  981  988  997  997